2024-10-31 09:47:37.980Z: Host information
2024-10-31 09:47:37.980Z: ----------------
2024-10-31 09:47:37.980Z: OS: Ubuntu 22.04.5 LTS (stable release)
2024-10-31 09:47:37.980Z: Image details: https://github.com/github/codespaces-host-images/blob/main/README.md
2024-10-31 09:47:37.980Z: ----------------

=================================================================================
2024-10-31 09:47:37.983Z: Configuration starting...
2024-10-31 09:47:37.990Z: Cloning...

=================================================================================
2024-10-31 09:47:38.015Z: Creating container...
2024-10-31 09:47:38.015Z: Cleaning up docker images...
2024-10-31 09:47:38.491Z: $ devcontainer up --id-label Type=codespaces --workspace-folder /var/lib/docker/codespacemount/workspace/smll --mount type=bind,source=/.codespaces/agent/mount/cache,target=/vscode --user-data-folder /var/lib/docker/codespacemount/.persistedshare --container-data-folder .vscode-remote/data/Machine --container-system-data-folder /var/vscode-remote --log-level trace --log-format json --update-remote-user-uid-default never --mount-workspace-git-root false --omit-config-remote-env-from-metadata --skip-non-blocking-commands --skip-post-create --remove-existing-container --config "/var/lib/docker/codespacemount/workspace/smll/.devcontainer/devcontainer.json" --override-config /root/.codespaces/shared/merged_devcontainer.json --default-user-env-probe loginInteractiveShell --container-session-data-folder /workspaces/.codespaces/.persistedshare/devcontainers-cli/cache --secrets-file /root/.codespaces/shared/user-secrets-envs.json
2024-10-31 09:47:38.652Z: @devcontainers/cli 0.68.0. Node.js v18.20.4. linux 6.5.0-1025-azure x64.
2024-10-31 09:47:39.059Z: Resolving Feature dependencies for 'ghcr.io/devcontainers/features/desktop-lite:1'...
2024-10-31 09:47:39.774Z: Soft-dependency 'ghcr.io/devcontainers/features/common-utils' is not required.  Removing from installation order...
2024-10-31 09:47:40.053Z: Files to omit: ''
2024-10-31 09:47:40.072Z: $ docker buildx build --load --build-arg BUILDKIT_INLINE_CACHE=1 -f /tmp/devcontainercli-root/container-features/0.68.0-1730368059055/Dockerfile-with-features -t vsc-smll-25523b56bdbb910dd2254633b173bbd2c671c5458584e3d696c88eeeae398915 --target dev_containers_target_stage --build-context dev_containers_feature_content_source=/tmp/devcontainercli-root/container-features/0.68.0-1730368059055 --build-arg _DEV_CONTAINERS_BASE_IMAGE=dev_container_auto_added_stage_label --build-arg _DEV_CONTAINERS_IMAGE_USER=vscode --build-arg _DEV_CONTAINERS_FEATURE_CONTENT_SOURCE=dev_container_feature_content_temp /var/lib/docker/codespacemount/workspace/smll/.devcontainer
2024-10-31 09:47:40.376Z: #0 building with "default" instance using docker driver

#1 [internal] load build definition from Dockerfile-with-features
#1 transferring dockerfile:
2024-10-31 09:47:40.502Z: #1 transferring dockerfile: 3.59kB done
#1 DONE 0.2s

#2 [internal] load .dockerignore
#2 transferring context: 2B done
#2 DONE 0.3s
2024-10-31 09:47:40.664Z: 
#3 resolve image config for docker.io/docker/dockerfile:1.4
2024-10-31 09:47:40.952Z: #3 ...

#4 [auth] docker/dockerfile:pull token for registry-1.docker.io
#4 DONE 0.0s
2024-10-31 09:47:41.102Z: 
#3 resolve image config for docker.io/docker/dockerfile:1.4
2024-10-31 09:47:41.864Z: #3 DONE 1.3s
2024-10-31 09:47:42.050Z: 
2024-10-31 09:47:42.051Z: #5 docker-image://docker.io/docker/dockerfile:1.4@sha256:9ba7531bd80fb0a858632727cf7a112fbfd19b17e94c4e84ced81e24ef1a0dbc
#5 resolve docker.io/docker/dockerfile:1.4@sha256:9ba7531bd80fb0a858632727cf7a112fbfd19b17e94c4e84ced81e24ef1a0dbc 0.1s done
#5 sha256:1e8a16826fd1c80a63fa6817a9c7284c94e40cded14a9b0d0d3722356efa47bd 2.37kB / 2.37kB done
#5 sha256:1328b32c40fca9bcf9d70d8eccb72eb873d1124d72dadce04db8badbe7b08546 0B / 9.94MB 0.1s
#5 sha256:9ba7531bd80fb0a858632727cf7a112fbfd19b17e94c4e84ced81e24ef1a0dbc 2.00kB / 2.00kB done
#5 sha256:ad87fb03593d1b71f9a1cfc1406c4aafcb253b1dabebf569768d6e6166836f34 528B / 528B done
2024-10-31 09:47:42.251Z: #5 sha256:1328b32c40fca9bcf9d70d8eccb72eb873d1124d72dadce04db8badbe7b08546 9.94MB / 9.94MB 0.3s
2024-10-31 09:47:42.384Z: #5 sha256:1328b32c40fca9bcf9d70d8eccb72eb873d1124d72dadce04db8badbe7b08546 9.94MB / 9.94MB 0.3s done2024-10-31 09:47:42.385Z: 
2024-10-31 09:47:42.386Z: #5 extracting sha256:1328b32c40fca9bcf9d70d8eccb72eb873d1124d72dadce04db8badbe7b08546 0.1s done2024-10-31 09:47:42.387Z: 
2024-10-31 09:47:42.599Z: #5 DONE 0.7s
2024-10-31 09:47:42.757Z: 
#6 [context dev_containers_feature_content_source] load .dockerignore
#6 DONE 0.0s
2024-10-31 09:47:42.919Z: 
#6 [context dev_containers_feature_content_source] load .dockerignore
2024-10-31 09:47:42.919Z: #6 transferring dev_containers_feature_content_source: 2B done
#6 DONE 0.2s

#7 [internal] load metadata for mcr.microsoft.com/devcontainers/base:ubuntu
2024-10-31 09:47:43.247Z: #7 DONE 0.5s
2024-10-31 09:47:43.576Z: 
#8 [dev_container_auto_added_stage_label 1/3] FROM mcr.microsoft.com/devcontainers/base:ubuntu@sha256:003d94e845d73ea81a9245edd90a4edf852ff19e5b9a7992692538ba6295a9be
2024-10-31 09:47:43.576Z: #8 resolve mcr.microsoft.com/devcontainers/base:ubuntu@sha256:003d94e845d73ea81a9245edd90a4edf852ff19e5b9a7992692538ba6295a9be
2024-10-31 09:47:43.726Z: #8 ...

2024-10-31 09:47:43.727Z: #9 [context dev_containers_feature_content_source] load from client
#9 transferring dev_containers_feature_content_source: 62.23kB done
#9 DONE 0.2s

#8 [dev_container_auto_added_stage_label 1/3] FROM mcr.microsoft.com/devcontainers/base:ubuntu@sha256:003d94e845d73ea81a9245edd90a4edf852ff19e5b9a7992692538ba6295a9be
#8 resolve mcr.microsoft.com/devcontainers/base:ubuntu@sha256:003d94e845d73ea81a9245edd90a4edf852ff19e5b9a7992692538ba6295a9be 0.2s done
#8 sha256:003d94e845d73ea81a9245edd90a4edf852ff19e5b9a7992692538ba6295a9be 1.61kB / 1.61kB done
#8 sha256:bb5d473e8320116a313fdc98efbc20d2a84d07448dd10de8dea3647ad8737d94 2.00kB / 2.00kB done
#8 sha256:8e887e5f40003f94bdd09f52feb1939d43431cc8b4fefb61c21a0470e1714852 12.13kB / 12.13kB done
2024-10-31 09:47:43.929Z: #8 sha256:4f4fb700ef54461cfa02571ae0db9a0dc1e0cdb5577484a6d75e68dc38e8acc1 32B / 32B 0.2s done2024-10-31 09:47:43.932Z: 
2024-10-31 09:47:43.933Z: #8 sha256:7478e0ac0f23f94b2f27848fbcdf804a670fbf8d4bab26df842d40a10cd33059 19.11MB / 30.44MB 0.3s2024-10-31 09:47:43.934Z: 
2024-10-31 09:47:43.936Z: #8 sha256:9321cd5ae2a05dc61774ea917ff22fb166f1b67cd06921fed6f4270e0caf4c28 5.24MB / 7.09MB 0.3s2024-10-31 09:47:43.937Z: 
2024-10-31 09:47:44.126Z: #8 sha256:7478e0ac0f23f94b2f27848fbcdf804a670fbf8d4bab26df842d40a10cd33059 30.44MB / 30.44MB 0.5s
#8 sha256:9321cd5ae2a05dc61774ea917ff22fb166f1b67cd06921fed6f4270e0caf4c28 7.09MB / 7.09MB 0.3s done
#8 sha256:7f69d7f72c6d9b0917adb94c5928f22fd783b7bf7a3f644bd5e0a8fd75f964ab 408B / 408B 0.5s
2024-10-31 09:47:44.227Z: #8 sha256:7478e0ac0f23f94b2f27848fbcdf804a670fbf8d4bab26df842d40a10cd33059 30.44MB / 30.44MB 0.5s done2024-10-31 09:47:44.228Z: 
2024-10-31 09:47:44.364Z: #8 extracting sha256:7478e0ac0f23f94b2f27848fbcdf804a670fbf8d4bab26df842d40a10cd33059 0.1s
#8 sha256:5d0321987d2a5ca86c3cb6ccaefb6201115787d42b097c6511809e355ed1c2f2 0B / 222B 0.6s
#8 sha256:c38fbc464c4adab17fc743724618ea2fccfa12d700361cb95081b528de06c745 135B / 135B 0.7s
2024-10-31 09:47:44.475Z: #8 sha256:7f69d7f72c6d9b0917adb94c5928f22fd783b7bf7a3f644bd5e0a8fd75f964ab 408B / 408B 0.6s done
#8 sha256:5d0321987d2a5ca86c3cb6ccaefb6201115787d42b097c6511809e355ed1c2f2 222B / 222B 0.8s
#8 sha256:c38fbc464c4adab17fc743724618ea2fccfa12d700361cb95081b528de06c745 135B / 135B 0.7s done
2024-10-31 09:47:44.476Z: #8 sha256:43b2c03cf480d13ca33ec4514e1549295f89d7f4268e49e827ea3394b3a732ff 0B / 78.91MB 0.8s
#8 sha256:f9debe6f41e82482df1e36c44bd246b0f4b30043da8efad2faec5da2c5c8fba5 234B / 234B 0.8s
2024-10-31 09:47:44.580Z: #8 sha256:5d0321987d2a5ca86c3cb6ccaefb6201115787d42b097c6511809e355ed1c2f2 222B / 222B 0.8s done
#8 sha256:f9debe6f41e82482df1e36c44bd246b0f4b30043da8efad2faec5da2c5c8fba5 234B / 234B 0.8s done
2024-10-31 09:47:44.580Z: #8 sha256:d738457a4f9f7dd48f1044c0c24dfdbd75b517820d7fd7c770948c3a6f3574ad 0B / 152.70MB 0.9s
2024-10-31 09:47:44.703Z: #8 sha256:43b2c03cf480d13ca33ec4514e1549295f89d7f4268e49e827ea3394b3a732ff 22.02MB / 78.91MB 1.0s
2024-10-31 09:47:44.811Z: #8 sha256:43b2c03cf480d13ca33ec4514e1549295f89d7f4268e49e827ea3394b3a732ff 49.81MB / 78.91MB 1.1s
#8 sha256:d738457a4f9f7dd48f1044c0c24dfdbd75b517820d7fd7c770948c3a6f3574ad 17.73MB / 152.70MB 1.1s
2024-10-31 09:47:44.927Z: #8 sha256:43b2c03cf480d13ca33ec4514e1549295f89d7f4268e49e827ea3394b3a732ff 76.55MB / 78.91MB 1.3s
#8 sha256:d738457a4f9f7dd48f1044c0c24dfdbd75b517820d7fd7c770948c3a6f3574ad 52.43MB / 152.70MB 1.3s
2024-10-31 09:47:45.045Z: #8 sha256:d738457a4f9f7dd48f1044c0c24dfdbd75b517820d7fd7c770948c3a6f3574ad 67.54MB / 152.70MB 1.4s
2024-10-31 09:47:45.160Z: #8 sha256:d738457a4f9f7dd48f1044c0c24dfdbd75b517820d7fd7c770948c3a6f3574ad 91.23MB / 152.70MB 1.5s
2024-10-31 09:47:45.327Z: #8 sha256:d738457a4f9f7dd48f1044c0c24dfdbd75b517820d7fd7c770948c3a6f3574ad 140.51MB / 152.70MB 1.7s
2024-10-31 09:47:45.444Z: #8 sha256:d738457a4f9f7dd48f1044c0c24dfdbd75b517820d7fd7c770948c3a6f3574ad 152.70MB / 152.70MB 1.7s
2024-10-31 09:47:45.545Z: #8 extracting sha256:7478e0ac0f23f94b2f27848fbcdf804a670fbf8d4bab26df842d40a10cd33059 1.3s done2024-10-31 09:47:45.546Z: 
2024-10-31 09:47:45.726Z: #8 sha256:43b2c03cf480d13ca33ec4514e1549295f89d7f4268e49e827ea3394b3a732ff 78.91MB / 78.91MB 1.9s done
2024-10-31 09:47:46.926Z: #8 sha256:d738457a4f9f7dd48f1044c0c24dfdbd75b517820d7fd7c770948c3a6f3574ad 152.70MB / 152.70MB 3.2s done
#8 extracting sha256:9321cd5ae2a05dc61774ea917ff22fb166f1b67cd06921fed6f4270e0caf4c28
2024-10-31 09:47:47.488Z: #8 extracting sha256:9321cd5ae2a05dc61774ea917ff22fb166f1b67cd06921fed6f4270e0caf4c28 0.4s done
2024-10-31 09:47:48.347Z: #8 extracting sha256:4f4fb700ef54461cfa02571ae0db9a0dc1e0cdb5577484a6d75e68dc38e8acc1
2024-10-31 09:47:48.466Z: #8 extracting sha256:4f4fb700ef54461cfa02571ae0db9a0dc1e0cdb5577484a6d75e68dc38e8acc1 done
#8 extracting sha256:7f69d7f72c6d9b0917adb94c5928f22fd783b7bf7a3f644bd5e0a8fd75f964ab2024-10-31 09:47:48.467Z: 
2024-10-31 09:47:48.590Z: #8 extracting sha256:7f69d7f72c6d9b0917adb94c5928f22fd783b7bf7a3f644bd5e0a8fd75f964ab done
#8 extracting sha256:c38fbc464c4adab17fc743724618ea2fccfa12d700361cb95081b528de06c745
2024-10-31 09:47:48.707Z: #8 extracting sha256:c38fbc464c4adab17fc743724618ea2fccfa12d700361cb95081b528de06c745 done
#8 extracting sha256:5d0321987d2a5ca86c3cb6ccaefb6201115787d42b097c6511809e355ed1c2f2
2024-10-31 09:47:48.852Z: #8 extracting sha256:5d0321987d2a5ca86c3cb6ccaefb6201115787d42b097c6511809e355ed1c2f2 done
#8 extracting sha256:f9debe6f41e82482df1e36c44bd246b0f4b30043da8efad2faec5da2c5c8fba5
2024-10-31 09:47:49.002Z: #8 extracting sha256:f9debe6f41e82482df1e36c44bd246b0f4b30043da8efad2faec5da2c5c8fba5 done
2024-10-31 09:47:49.036Z: #8 extracting sha256:43b2c03cf480d13ca33ec4514e1549295f89d7f4268e49e827ea3394b3a732ff
2024-10-31 09:47:51.493Z: #8 extracting sha256:43b2c03cf480d13ca33ec4514e1549295f89d7f4268e49e827ea3394b3a732ff 2.5s done2024-10-31 09:47:51.494Z: 
2024-10-31 09:47:53.791Z: #8 extracting sha256:d738457a4f9f7dd48f1044c0c24dfdbd75b517820d7fd7c770948c3a6f3574ad
2024-10-31 09:47:56.694Z: #8 extracting sha256:d738457a4f9f7dd48f1044c0c24dfdbd75b517820d7fd7c770948c3a6f3574ad 2.8s done
2024-10-31 09:48:01.073Z: #8 DONE 17.6s2024-10-31 09:48:01.074Z: 
2024-10-31 09:48:01.230Z: 
#10 [dev_container_auto_added_stage_label 2/3] RUN groupadd --gid 1000 vscode     && useradd --uid 1000 --gid 1000 -m vscode     && apt-get update     && apt-get install -y sudo     && echo vscode ALL=(root) NOPASSWD:ALL > /etc/sudoers.d/vscode     && chmod 0440 /etc/sudoers.d/vscode
2024-10-31 09:48:01.408Z: #10 0.328 groupadd: group 'vscode' already exists
2024-10-31 09:48:01.606Z: #10 ERROR: process "/bin/sh -c groupadd --gid $USER_GID $USERNAME     && useradd --uid $USER_UID --gid $USER_GID -m $USERNAME     && apt-get update     && apt-get install -y sudo     && echo $USERNAME ALL=\\(root\\) NOPASSWD:ALL > /etc/sudoers.d/$USERNAME     && chmod 0440 /etc/sudoers.d/$USERNAME" did not complete successfully: exit code: 9
2024-10-31 09:48:01.654Z: ------
 > [dev_container_auto_added_stage_label 2/3] RUN groupadd --gid 1000 vscode     && useradd --uid 1000 --gid 1000 -m vscode     && apt-get update     && apt-get install -y sudo     && echo vscode ALL=(root) NOPASSWD:ALL > /etc/sudoers.d/vscode     && chmod 0440 /etc/sudoers.d/vscode:
0.328 groupadd: group 'vscode' already exists
------
2024-10-31 09:48:01.655Z: Dockerfile-with-features:11
--------------------
  10 |     # Create the user
  11 | >>> RUN groupadd --gid $USER_GID $USERNAME \
  12 | >>>     && useradd --uid $USER_UID --gid $USER_GID -m $USERNAME \
  13 | >>>     # Add sudo support
  14 | >>>     && apt-get update \
  15 | >>>     && apt-get install -y sudo \
  16 | >>>     && echo $USERNAME ALL=\(root\) NOPASSWD:ALL > /etc/sudoers.d/$USERNAME \
  17 | >>>     && chmod 0440 /etc/sudoers.d/$USERNAME
  18 |     
--------------------
ERROR: failed to solve: process "/bin/sh -c groupadd --gid $USER_GID $USERNAME     && useradd --uid $USER_UID --gid $USER_GID -m $USERNAME     && apt-get update     && apt-get install -y sudo     && echo $USERNAME ALL=\\(root\\) NOPASSWD:ALL > /etc/sudoers.d/$USERNAME     && chmod 0440 /etc/sudoers.d/$USERNAME" did not complete successfully: exit code: 9
2024-10-31 09:48:01.659Z: Stop: Run: docker buildx build --load --build-arg BUILDKIT_INLINE_CACHE=1 -f /tmp/devcontainercli-root/container-features/0.68.0-1730368059055/Dockerfile-with-features -t vsc-smll-25523b56bdbb910dd2254633b173bbd2c671c5458584e3d696c88eeeae398915 --target dev_containers_target_stage --build-context dev_containers_feature_content_source=/tmp/devcontainercli-root/container-features/0.68.0-1730368059055 --build-arg _DEV_CONTAINERS_BASE_IMAGE=dev_container_auto_added_stage_label --build-arg _DEV_CONTAINERS_IMAGE_USER=vscode --build-arg _DEV_CONTAINERS_FEATURE_CONTENT_SOURCE=dev_container_feature_content_temp /var/lib/docker/codespacemount/workspace/smll/.devcontainer
2024-10-31 09:48:01.659Z: Error: Command failed: docker buildx build --load --build-arg BUILDKIT_INLINE_CACHE=1 -f /tmp/devcontainercli-root/container-features/0.68.0-1730368059055/Dockerfile-with-features -t vsc-smll-25523b56bdbb910dd2254633b173bbd2c671c5458584e3d696c88eeeae398915 --target dev_containers_target_stage --build-context dev_containers_feature_content_source=/tmp/devcontainercli-root/container-features/0.68.0-1730368059055 --build-arg _DEV_CONTAINERS_BASE_IMAGE=dev_container_auto_added_stage_label --build-arg _DEV_CONTAINERS_IMAGE_USER=vscode --build-arg _DEV_CONTAINERS_FEATURE_CONTENT_SOURCE=dev_container_feature_content_temp /var/lib/docker/codespacemount/workspace/smll/.devcontainer
2024-10-31 09:48:01.661Z: {"outcome":"error","message":"Command failed: docker buildx build --load --build-arg BUILDKIT_INLINE_CACHE=1 -f /tmp/devcontainercli-root/container-features/0.68.0-1730368059055/Dockerfile-with-features -t vsc-smll-25523b56bdbb910dd2254633b173bbd2c671c5458584e3d696c88eeeae398915 --target dev_containers_target_stage --build-context dev_containers_feature_content_source=/tmp/devcontainercli-root/container-features/0.68.0-1730368059055 --build-arg _DEV_CONTAINERS_BASE_IMAGE=dev_container_auto_added_stage_label --build-arg _DEV_CONTAINERS_IMAGE_USER=vscode --build-arg _DEV_CONTAINERS_FEATURE_CONTENT_SOURCE=dev_container_feature_content_temp /var/lib/docker/codespacemount/workspace/smll/.devcontainer","description":"An error occurred building the image."}
2024-10-31 09:48:01.664Z:     at FtA (/.codespaces/agent/bin/node_modules/@devcontainers/cli/dist/spec-node/devContainersSpecCLI.js:466:1933)
2024-10-31 09:48:01.664Z:     at process.processTicksAndRejections (node:internal/process/task_queues:95:5)
2024-10-31 09:48:01.664Z:     at async Pm (/.codespaces/agent/bin/node_modules/@devcontainers/cli/dist/spec-node/devContainersSpecCLI.js:465:1896)
2024-10-31 09:48:01.664Z:     at async NH (/.codespaces/agent/bin/node_modules/@devcontainers/cli/dist/spec-node/devContainersSpecCLI.js:465:610)
2024-10-31 09:48:01.664Z:     at async YtA (/.codespaces/agent/bin/node_modules/@devcontainers/cli/dist/spec-node/devContainersSpecCLI.js:482:3771)
2024-10-31 09:48:01.664Z:     at async eB (/.codespaces/agent/bin/node_modules/@devcontainers/cli/dist/spec-node/devContainersSpecCLI.js:482:4886)
2024-10-31 09:48:01.664Z:     at async prA (/.codespaces/agent/bin/node_modules/@devcontainers/cli/dist/spec-node/devContainersSpecCLI.js:663:200)
2024-10-31 09:48:01.664Z:     at async drA (/.codespaces/agent/bin/node_modules/@devcontainers/cli/dist/spec-node/devContainersSpecCLI.js:662:14706)
2024-10-31 09:48:01.666Z: devcontainer process exited with exit code 1

====================================== ERROR ====================================
2024-10-31 09:48:01.670Z: Failed to create container.
=================================================================================
2024-10-31 09:48:01.670Z: Error: Command failed: docker buildx build --load --build-arg BUILDKIT_INLINE_CACHE=1 -f /tmp/devcontainercli-root/container-features/0.68.0-1730368059055/Dockerfile-with-features -t vsc-smll-25523b56bdbb910dd2254633b173bbd2c671c5458584e3d696c88eeeae398915 --target dev_containers_target_stage --build-context dev_containers_feature_content_source=/tmp/devcontainercli-root/container-features/0.68.0-1730368059055 --build-arg _DEV_CONTAINERS_BASE_IMAGE=dev_container_auto_added_stage_label --build-arg _DEV_CONTAINERS_IMAGE_USER=vscode --build-arg _DEV_CONTAINERS_FEATURE_CONTENT_SOURCE=dev_container_feature_content_temp /var/lib/docker/codespacemount/workspace/smll/.devcontainer
2024-10-31 09:48:01.670Z: Error code: 1302 (UnifiedContainersErrorFatalCreatingContainer)

====================================== ERROR ====================================
2024-10-31 09:48:01.676Z: Container creation failed.
=================================================================================
2024-10-31 09:48:01.683Z: 

===================================== WARNING ===================================
2024-10-31 09:48:01.684Z: Creating recovery container.
=================================================================================

=================================================================================
2024-10-31 09:48:03.193Z: Creating container...
2024-10-31 09:48:03.225Z: $ devcontainer up --id-label Type=codespaces --workspace-folder /var/lib/docker/codespacemount/workspace/smll --mount type=bind,source=/.codespaces/agent/mount/cache,target=/vscode --user-data-folder /var/lib/docker/codespacemount/.persistedshare --container-data-folder .vscode-remote/data/Machine --container-system-data-folder /var/vscode-remote --log-level trace --log-format json --update-remote-user-uid-default never --mount-workspace-git-root false --omit-config-remote-env-from-metadata --skip-non-blocking-commands --skip-post-create --config "/var/lib/docker/codespacemount/workspace/smll/.devcontainer/devcontainer.json" --override-config /root/.codespaces/shared/merged_devcontainer.json --default-user-env-probe loginInteractiveShell --container-session-data-folder /workspaces/.codespaces/.persistedshare/devcontainers-cli/cache --secrets-file /root/.codespaces/shared/user-secrets-envs.json
2024-10-31 09:48:03.388Z: @devcontainers/cli 0.68.0. Node.js v18.20.4. linux 6.5.0-1025-azure x64.
2024-10-31 09:48:03.766Z: $alpine -c echo Container started
2024-10-31 09:48:03.786Z: Unable to find image 'mcr.microsoft.com/devcontainers/base:alpine' locally
2024-10-31 09:48:03.900Z: alpine: Pulling from devcontainers/base
2024-10-31 09:48:03.951Z: 
[1A[2K
43c4264eed91: Pulling fs layer 
[1B
[1A[2K
f40462439694: Pulling fs layer 
[1B
[1A[2K
78f82a04246d: Pulling fs layer 
[1B
[1A[2K
ab30627c2e5e: Pulling fs layer 
[1B
[1A[2K
1c6e677dc7f6: Pulling fs layer 
[1B2024-10-31 09:48:03.951Z: 
[1A[2K
90218552dd33: Pulling fs layer 
[1B
[1A[2K
43d7c7b4c7f6: Pulling fs layer 
[1B[4A[2K
ab30627c2e5e: Waiting 
[4B[3A[2K
1c6e677dc7f6: Waiting 
[3B[2A[2K
90218552dd33: Waiting 
[2B[1A[2K
43d7c7b4c7f6: Waiting 
[1B2024-10-31 09:48:04.006Z: [7A[2K
43c4264eed91: Downloading  48.34kB/3.624MB
[7B2024-10-31 09:48:04.020Z: [5A[2K
78f82a04246d: Downloading     134B/134B
[5B2024-10-31 09:48:04.022Z: [5A[2K
2024-10-31 09:48:04.022Z: 78f82a04246d: Verifying Checksum 
[5B[5A[2K
78f82a04246d: Download complete 
[5B2024-10-31 09:48:04.029Z: [7A[2K
43c4264eed91: Download complete 
[7B2024-10-31 09:48:04.033Z: [6A[2K
f40462439694: Downloading     409B/409B
[6B2024-10-31 09:48:04.034Z: [6A[2K
f40462439694: Verifying Checksum 
[6B[6A[2K
f40462439694: Download complete 
[6B[7A[2K
43c4264eed91: Extracting  65.54kB/3.624MB
[7B2024-10-31 09:48:04.086Z: [4A2024-10-31 09:48:04.088Z: [2K2024-10-31 09:48:04.088Z: 
ab30627c2e5e: Downloading     223B/223B
[4B2024-10-31 09:48:04.090Z: [4A[2K
2024-10-31 09:48:04.090Z: ab30627c2e5e: Verifying Checksum 
[4B[4A[2K
ab30627c2e5e: Download complete 
[4B2024-10-31 09:48:04.102Z: [3A2024-10-31 09:48:04.102Z: [2K2024-10-31 09:48:04.103Z: 
2024-10-31 09:48:04.103Z: 1c6e677dc7f6: 2024-10-31 09:48:04.105Z: Download complete 
2024-10-31 09:48:04.106Z: [3B2024-10-31 09:48:04.114Z: [2A2024-10-31 09:48:04.115Z: [2K2024-10-31 09:48:04.116Z: 
2024-10-31 09:48:04.120Z: 90218552dd33: 2024-10-31 09:48:04.122Z: Downloading  538.9kB/228.2MB
2024-10-31 09:48:04.125Z: [2B2024-10-31 09:48:04.133Z: [7A2024-10-31 09:48:04.134Z: [2K2024-10-31 09:48:04.134Z: 
2024-10-31 09:48:04.134Z: 43c4264eed91: 2024-10-31 09:48:04.135Z: Extracting  1.245MB/3.624MB
2024-10-31 09:48:04.135Z: [7B2024-10-31 09:48:04.167Z: [1A2024-10-31 09:48:04.168Z: [2K2024-10-31 09:48:04.169Z: 
2024-10-31 09:48:04.174Z: 43d7c7b4c7f6: 2024-10-31 09:48:04.174Z: Downloading  440.6kB/43.39MB
2024-10-31 09:48:04.176Z: [1B2024-10-31 09:48:04.230Z: [2A2024-10-31 09:48:04.232Z: [2K2024-10-31 09:48:04.233Z: 
2024-10-31 09:48:04.235Z: 90218552dd33: 2024-10-31 09:48:04.236Z: Downloading  19.45MB/228.2MB
2024-10-31 09:48:04.237Z: [2B2024-10-31 09:48:04.242Z: [7A2024-10-31 09:48:04.244Z: [2K2024-10-31 09:48:04.244Z: 
2024-10-31 09:48:04.244Z: 43c4264eed91: 2024-10-31 09:48:04.244Z: Extracting   3.08MB/3.624MB
2024-10-31 09:48:04.244Z: [7B2024-10-31 09:48:04.274Z: [1A2024-10-31 09:48:04.274Z: [2K2024-10-31 09:48:04.276Z: 
2024-10-31 09:48:04.276Z: 43d7c7b4c7f6: 2024-10-31 09:48:04.276Z: Downloading  16.37MB/43.39MB
2024-10-31 09:48:04.276Z: [1B2024-10-31 09:48:04.313Z: [7A2024-10-31 09:48:04.313Z: [2K2024-10-31 09:48:04.313Z: 
2024-10-31 09:48:04.313Z: 43c4264eed91: 2024-10-31 09:48:04.313Z: Extracting  3.624MB/3.624MB
2024-10-31 09:48:04.313Z: [7B2024-10-31 09:48:04.329Z: [2A2024-10-31 09:48:04.330Z: [2K2024-10-31 09:48:04.330Z: 
2024-10-31 09:48:04.330Z: 90218552dd33: 2024-10-31 09:48:04.330Z: Downloading  35.67MB/228.2MB
2024-10-31 09:48:04.330Z: [2B2024-10-31 09:48:04.384Z: [1A2024-10-31 09:48:04.388Z: [2K2024-10-31 09:48:04.388Z: 
2024-10-31 09:48:04.388Z: 43d7c7b4c7f6: 2024-10-31 09:48:04.388Z: Downloading  34.95MB/43.39MB
2024-10-31 09:48:04.388Z: [1B2024-10-31 09:48:04.397Z: [1A[2K
2024-10-31 09:48:04.399Z: 43d7c7b4c7f6: Verifying Checksum 
[1B[1A[2K
2024-10-31 09:48:04.399Z: 43d7c7b4c7f6: Download complete 
2024-10-31 09:48:04.399Z: [1B2024-10-31 09:48:04.423Z: [2A[2K
90218552dd33: 2024-10-31 09:48:04.424Z: Downloading  63.78MB/228.2MB
2024-10-31 09:48:04.425Z: [2B2024-10-31 09:48:04.442Z: [7A2024-10-31 09:48:04.442Z: [2K
43c4264eed91: Pull complete 
[7B2024-10-31 09:48:04.469Z: [6A2024-10-31 09:48:04.469Z: [2K2024-10-31 09:48:04.469Z: 
2024-10-31 09:48:04.469Z: f40462439694: 2024-10-31 09:48:04.469Z: Extracting     409B/409B
2024-10-31 09:48:04.470Z: [6B2024-10-31 09:48:04.472Z: [6A2024-10-31 09:48:04.472Z: [2K2024-10-31 09:48:04.472Z: 
2024-10-31 09:48:04.472Z: f40462439694: 2024-10-31 09:48:04.473Z: Extracting     409B/409B
2024-10-31 09:48:04.473Z: [6B2024-10-31 09:48:04.542Z: [2A[2K
90218552dd33: Downloading  88.11MB/228.2MB
[2B2024-10-31 09:48:04.630Z: [2A[2K2024-10-31 09:48:04.630Z: 
90218552dd33: Downloading  109.7MB/228.2MB
[2B2024-10-31 09:48:04.728Z: [2A[2K
90218552dd33: Downloading  131.9MB/228.2MB
[2B2024-10-31 09:48:04.828Z: [2A2024-10-31 09:48:04.830Z: [2K2024-10-31 09:48:04.831Z: 
2024-10-31 09:48:04.833Z: 90218552dd33: 2024-10-31 09:48:04.834Z: Downloading  156.2MB/228.2MB
2024-10-31 09:48:04.836Z: [2B2024-10-31 09:48:04.928Z: [2A[2K
2024-10-31 09:48:04.928Z: 90218552dd33: Downloading  183.3MB/228.2MB
[2B2024-10-31 09:48:05.030Z: [2A2024-10-31 09:48:05.031Z: [2K
90218552dd33: Downloading  208.1MB/228.2MB
[2B2024-10-31 09:48:05.111Z: [2A[2K
90218552dd33: Verifying Checksum 
[2B[2A[2K
90218552dd33: 2024-10-31 09:48:05.112Z: Download complete 
[2B2024-10-31 09:48:06.031Z: [6A[2K
f40462439694: Pull complete 
[6B2024-10-31 09:48:06.067Z: [5A2024-10-31 09:48:06.068Z: [2K2024-10-31 09:48:06.068Z: 
78f82a04246d: Extracting     134B/134B
[5B[5A[2K
78f82a04246d: Extracting     134B/134B
[5B2024-10-31 09:48:07.070Z: [5A[2K
78f82a04246d: Pull complete 
[5B2024-10-31 09:48:07.096Z: [4A[2K
ab30627c2e5e: Extracting     223B/223B
[4B2024-10-31 09:48:07.097Z: [4A[2K
ab30627c2e5e: Extracting     223B/223B
[4B2024-10-31 09:48:07.231Z: [4A[2K
ab30627c2e5e: Pull complete 
[4B2024-10-31 09:48:07.254Z: [3A[2K
1c6e677dc7f6: Extracting     234B/234B
[3B2024-10-31 09:48:07.255Z: [3A[2K
1c6e677dc7f6: Extracting     234B/234B
[3B2024-10-31 09:48:07.382Z: [3A[2K
1c6e677dc7f6: Pull complete 
[3B2024-10-31 09:48:07.446Z: [2A[2K
90218552dd33: 2024-10-31 09:48:07.447Z: Extracting  557.1kB/228.2MB
[2B2024-10-31 09:48:07.552Z: [2A2024-10-31 09:48:07.553Z: [2K2024-10-31 09:48:07.554Z: 
90218552dd33: Extracting  5.014MB/228.2MB
[2B2024-10-31 09:48:07.660Z: [2A[2K
2024-10-31 09:48:07.660Z: 90218552dd33: Extracting  13.93MB/228.2MB
[2B2024-10-31 09:48:07.763Z: [2A[2K
90218552dd33: Extracting  20.61MB/228.2MB
2024-10-31 09:48:07.763Z: [2B2024-10-31 09:48:07.869Z: [2A[2K
90218552dd33: Extracting  22.28MB/228.2MB
2024-10-31 09:48:07.869Z: [2B2024-10-31 09:48:07.991Z: [2A2024-10-31 09:48:07.992Z: [2K2024-10-31 09:48:07.993Z: 
90218552dd33: Extracting   23.4MB/228.2MB
[2B2024-10-31 09:48:08.112Z: [2A[2K
90218552dd33: 2024-10-31 09:48:08.113Z: Extracting  24.51MB/228.2MB
[2B2024-10-31 09:48:08.231Z: [2A2024-10-31 09:48:08.232Z: [2K2024-10-31 09:48:08.232Z: 
2024-10-31 09:48:08.232Z: 90218552dd33: 2024-10-31 09:48:08.233Z: Extracting  28.41MB/228.2MB
2024-10-31 09:48:08.233Z: [2B2024-10-31 09:48:08.335Z: [2A2024-10-31 09:48:08.336Z: [2K
90218552dd33: Extracting  36.21MB/228.2MB
[2B2024-10-31 09:48:08.437Z: [2A[2K
2024-10-31 09:48:08.438Z: 90218552dd33: 2024-10-31 09:48:08.439Z: Extracting  42.89MB/228.2MB
[2B2024-10-31 09:48:08.553Z: [2A2024-10-31 09:48:08.553Z: [2K2024-10-31 09:48:08.553Z: 
2024-10-31 09:48:08.554Z: 90218552dd33: 2024-10-31 09:48:08.554Z: Extracting  49.58MB/228.2MB
2024-10-31 09:48:08.554Z: [2B2024-10-31 09:48:08.655Z: [2A2024-10-31 09:48:08.655Z: [2K2024-10-31 09:48:08.656Z: 
2024-10-31 09:48:08.656Z: 90218552dd33: 2024-10-31 09:48:08.656Z: Extracting  53.48MB/228.2MB
2024-10-31 09:48:08.657Z: [2B2024-10-31 09:48:08.762Z: [2A2024-10-31 09:48:08.762Z: [2K
90218552dd33: Extracting  57.93MB/228.2MB
[2B2024-10-31 09:48:08.863Z: [2A2024-10-31 09:48:08.864Z: [2K2024-10-31 09:48:08.865Z: 
2024-10-31 09:48:08.866Z: 90218552dd33: 2024-10-31 09:48:08.867Z: Extracting   67.4MB/228.2MB
2024-10-31 09:48:08.868Z: [2B2024-10-31 09:48:08.967Z: [2A2024-10-31 09:48:08.968Z: [2K
90218552dd33: Extracting  82.44MB/228.2MB
[2B2024-10-31 09:48:09.068Z: [2A[2K
90218552dd33: Extracting  95.26MB/228.2MB
[2B2024-10-31 09:48:09.180Z: [2A2024-10-31 09:48:09.181Z: [2K2024-10-31 09:48:09.182Z: 
2024-10-31 09:48:09.183Z: 90218552dd33: 2024-10-31 09:48:09.184Z: Extracting  108.6MB/228.2MB
2024-10-31 09:48:09.186Z: [2B2024-10-31 09:48:09.276Z: [2A2024-10-31 09:48:09.277Z: [2K
90218552dd33: Extracting    112MB/228.2MB
[2B2024-10-31 09:48:09.376Z: [2A[2K
90218552dd33: Extracting  115.9MB/228.2MB
[2B2024-10-31 09:48:09.504Z: [2A2024-10-31 09:48:09.505Z: [2K2024-10-31 09:48:09.505Z: 
2024-10-31 09:48:09.506Z: 90218552dd33: 2024-10-31 09:48:09.506Z: Extracting  118.1MB/228.2MB
2024-10-31 09:48:09.506Z: [2B2024-10-31 09:48:09.607Z: [2A2024-10-31 09:48:09.607Z: [2K2024-10-31 09:48:09.608Z: 
90218552dd33: Extracting  120.3MB/228.2MB
[2B2024-10-31 09:48:09.711Z: [2A[2K
90218552dd33: 2024-10-31 09:48:09.711Z: Extracting  128.7MB/228.2MB
[2B2024-10-31 09:48:09.813Z: [2A[2K
90218552dd33: 2024-10-31 09:48:09.813Z: Extracting  135.9MB/228.2MB
[2B2024-10-31 09:48:09.917Z: [2A[2K
90218552dd33: 2024-10-31 09:48:09.917Z: Extracting  144.3MB/228.2MB
[2B2024-10-31 09:48:10.022Z: [2A2024-10-31 09:48:10.022Z: [2K
90218552dd33: Extracting    151MB/228.2MB
[2B2024-10-31 09:48:10.125Z: [2A[2K
90218552dd33: Extracting  158.8MB/228.2MB
[2B2024-10-31 09:48:10.227Z: [2A2024-10-31 09:48:10.228Z: [2K
90218552dd33: Extracting    166MB/228.2MB
[2B2024-10-31 09:48:10.333Z: [2A[2K
90218552dd33: Extracting  173.2MB/228.2MB
[2B2024-10-31 09:48:10.434Z: [2A[2K
90218552dd33: Extracting  179.4MB/228.2MB
[2B2024-10-31 09:48:10.538Z: [2A[2K
90218552dd33: Extracting  187.2MB/228.2MB
[2B2024-10-31 09:48:10.647Z: [2A[2K
90218552dd33: Extracting  193.9MB/228.2MB
[2B2024-10-31 09:48:10.742Z: [2A[2K
90218552dd33: 2024-10-31 09:48:10.743Z: Extracting  201.7MB/228.2MB
[2B2024-10-31 09:48:10.849Z: [2A[2K
90218552dd33: Extracting  208.9MB/228.2MB
2024-10-31 09:48:10.850Z: [2B2024-10-31 09:48:10.953Z: [2A2024-10-31 09:48:10.955Z: [2K2024-10-31 09:48:10.955Z: 
2024-10-31 09:48:10.955Z: 90218552dd33: 2024-10-31 09:48:10.955Z: Extracting  216.7MB/228.2MB
2024-10-31 09:48:10.955Z: [2B2024-10-31 09:48:11.058Z: [2A2024-10-31 09:48:11.058Z: [2K2024-10-31 09:48:11.059Z: 
2024-10-31 09:48:11.059Z: 90218552dd33: 2024-10-31 09:48:11.059Z: Extracting  219.5MB/228.2MB
2024-10-31 09:48:11.060Z: [2B2024-10-31 09:48:11.190Z: [2A2024-10-31 09:48:11.191Z: [2K
90218552dd33: Extracting  221.7MB/228.2MB
[2B2024-10-31 09:48:11.362Z: [2A[2K
90218552dd33: 2024-10-31 09:48:11.362Z: Extracting  223.9MB/228.2MB
[2B2024-10-31 09:48:11.588Z: [2A[2K
2024-10-31 09:48:11.589Z: 90218552dd33: 2024-10-31 09:48:11.589Z: Extracting  225.6MB/228.2MB
2024-10-31 09:48:11.589Z: [2B2024-10-31 09:48:11.713Z: [2A[2K
2024-10-31 09:48:11.713Z: 90218552dd33: 2024-10-31 09:48:11.714Z: Extracting  226.2MB/228.2MB
[2B2024-10-31 09:48:11.734Z: [2A[2K
90218552dd33: 2024-10-31 09:48:11.734Z: Extracting  228.2MB/228.2MB
[2B2024-10-31 09:48:16.402Z: [2A[2K
90218552dd33: Pull complete 
[2B2024-10-31 09:48:16.472Z: [1A[2K
43d7c7b4c7f6: 2024-10-31 09:48:16.472Z: Extracting  458.8kB/43.39MB
[1B2024-10-31 09:48:16.638Z: [1A2024-10-31 09:48:16.638Z: [2K2024-10-31 09:48:16.640Z: 
2024-10-31 09:48:16.641Z: 43d7c7b4c7f6: 2024-10-31 09:48:16.643Z: Extracting  5.046MB/43.39MB
2024-10-31 09:48:16.645Z: [1B2024-10-31 09:48:16.749Z: [1A2024-10-31 09:48:16.749Z: [2K2024-10-31 09:48:16.750Z: 
2024-10-31 09:48:16.750Z: 43d7c7b4c7f6: 2024-10-31 09:48:16.751Z: Extracting  7.799MB/43.39MB
2024-10-31 09:48:16.751Z: [1B2024-10-31 09:48:16.870Z: [1A2024-10-31 09:48:16.871Z: [2K2024-10-31 09:48:16.872Z: 
2024-10-31 09:48:16.872Z: 43d7c7b4c7f6: 2024-10-31 09:48:16.873Z: Extracting  12.39MB/43.39MB
2024-10-31 09:48:16.874Z: [1B2024-10-31 09:48:16.993Z: [1A2024-10-31 09:48:16.993Z: [2K2024-10-31 09:48:16.994Z: 
2024-10-31 09:48:16.994Z: 43d7c7b4c7f6: 2024-10-31 09:48:16.994Z: Extracting  15.14MB/43.39MB
2024-10-31 09:48:16.995Z: [1B2024-10-31 09:48:17.093Z: [1A2024-10-31 09:48:17.094Z: [2K
43d7c7b4c7f6: 2024-10-31 09:48:17.095Z: Extracting  22.02MB/43.39MB
[1B2024-10-31 09:48:17.200Z: [1A[2K
2024-10-31 09:48:17.200Z: 43d7c7b4c7f6: Extracting   28.9MB/43.39MB
[1B2024-10-31 09:48:17.326Z: [1A2024-10-31 09:48:17.328Z: [2K2024-10-31 09:48:17.329Z: 
2024-10-31 09:48:17.330Z: 43d7c7b4c7f6: 2024-10-31 09:48:17.330Z: Extracting  29.82MB/43.39MB
2024-10-31 09:48:17.331Z: [1B2024-10-31 09:48:17.474Z: [1A2024-10-31 09:48:17.474Z: [2K
43d7c7b4c7f6: Extracting   31.2MB/43.39MB
[1B2024-10-31 09:48:17.577Z: [1A[2K
43d7c7b4c7f6: Extracting  32.11MB/43.39MB
[1B2024-10-31 09:48:17.689Z: [1A[2K
43d7c7b4c7f6: Extracting  34.87MB/43.39MB
[1B2024-10-31 09:48:17.813Z: [1A[2K
43d7c7b4c7f6: Extracting   36.7MB/43.39MB
[1B2024-10-31 09:48:17.943Z: [1A[2K
43d7c7b4c7f6: Extracting  39.91MB/43.39MB
[1B2024-10-31 09:48:18.104Z: [1A[2K
43d7c7b4c7f6: Extracting  41.29MB/43.39MB
[1B2024-10-31 09:48:18.117Z: [1A[2K
43d7c7b4c7f6: 2024-10-31 09:48:18.118Z: Extracting  43.39MB/43.39MB
[1B2024-10-31 09:48:18.909Z: [1A[2K
43d7c7b4c7f6: Pull complete 
[1B2024-10-31 09:48:18.941Z: Digest: sha256:b7a03802a7af5b3bc45e567a697ce4747c470296f900fadce6f9bdc02296a386
2024-10-31 09:48:18.959Z: Status: Downloaded newer image for mcr.microsoft.com/devcontainers/base:alpine2024-10-31 09:48:18.960Z: 
2024-10-31 09:48:19.226Z: Container started2024-10-31 09:48:19.227Z: 
2024-10-31 09:48:19.438Z: Outcome: success User: vscode WorkspaceFolder: /workspaces/smll
2024-10-31 09:48:19.445Z: devcontainer process exited with exit code 0

=================================================================================
2024-10-31 09:48:20.052Z: Running blocking commands...
2024-10-31 09:48:20.086Z: $ devcontainer up --id-label Type=codespaces --workspace-folder /var/lib/docker/codespacemount/workspace/smll --mount type=bind,source=/.codespaces/agent/mount/cache,target=/vscode --user-data-folder /var/lib/docker/codespacemount/.persistedshare --container-data-folder .vscode-remote/data/Machine --container-system-data-folder /var/vscode-remote --log-level trace --log-format json --update-remote-user-uid-default never --mount-workspace-git-root false --omit-config-remote-env-from-metadata --skip-non-blocking-commands --expect-existing-container --config "/var/lib/docker/codespacemount/workspace/smll/.devcontainer/devcontainer.json" --override-config /root/.codespaces/shared/merged_devcontainer.json --default-user-env-probe loginInteractiveShell --container-session-data-folder /workspaces/.codespaces/.persistedshare/devcontainers-cli/cache --secrets-file /root/.codespaces/shared/user-secrets-envs.json
2024-10-31 09:48:20.336Z: @devcontainers/cli 0.68.0. Node.js v18.20.4. linux 6.5.0-1025-azure x64.
2024-10-31 09:48:20.564Z: Outcome: success User: vscode WorkspaceFolder: /workspaces/smll
2024-10-31 09:48:20.580Z: devcontainer process exited with exit code 0

=================================================================================
2024-10-31 09:48:20.608Z: Configuring codespace...

=================================================================================
2024-10-31 09:48:20.608Z: Finished configuring codespace.
